{"ts":"2025-10-25T14:12:09+02:00","event":"supplier_sync_admin_order_created","context":{"supplier_id":8,"order_id":165,"result":{"db_created":true,"email_sent":false}}}
{"ts":"2025-10-25T14:12:09+02:00","event":"supplier_sync_admin_order_created","context":{"supplier_id":8,"order_id":164,"result":{"db_created":true,"email_sent":false}}}
{"ts":"2025-10-25T14:12:09+02:00","event":"supplier_sync_admin_order_created","context":{"supplier_id":8,"order_id":163,"result":{"db_created":true,"email_sent":false}}}
{"ts":"2025-10-25T14:12:09+02:00","event":"supplier_sync_admin_order_created","context":{"supplier_id":8,"order_id":162,"result":{"db_created":true,"email_sent":false}}}
{"ts":"2025-10-25T14:12:09+02:00","event":"supplier_sync_admin_order_created","context":{"supplier_id":8,"order_id":161,"result":{"db_created":true,"email_sent":false}}}
{"ts":"2025-10-25T14:12:09+02:00","event":"supplier_sync_admin_order_created","context":{"supplier_id":8,"order_id":160,"result":{"db_created":true,"email_sent":false}}}
{"ts":"2025-10-25T14:12:09+02:00","event":"supplier_sync_admin_order_created","context":{"supplier_id":8,"order_id":159,"result":{"db_created":true,"email_sent":false}}}
{"ts":"2025-10-25T14:12:09+02:00","event":"supplier_sync_admin_order_created","context":{"supplier_id":8,"order_id":158,"result":{"db_created":true,"email_sent":false}}}
{"ts":"2025-10-25T14:12:09+02:00","event":"supplier_sync_admin_order_created","context":{"supplier_id":8,"order_id":157,"result":{"db_created":true,"email_sent":false}}}
{"ts":"2025-10-25T14:12:09+02:00","event":"supplier_sync_admin_order_created","context":{"supplier_id":8,"order_id":156,"result":{"db_created":true,"email_sent":false}}}
{"ts":"2025-10-25T14:12:09+02:00","event":"supplier_sync_admin_order_created","context":{"supplier_id":8,"order_id":155,"result":{"db_created":true,"email_sent":false}}}
{"ts":"2025-10-25T14:12:09+02:00","event":"supplier_sync_admin_order_created","context":{"supplier_id":8,"order_id":154,"result":{"db_created":true,"email_sent":false}}}
{"ts":"2025-10-25T14:12:09+02:00","event":"supplier_sync_admin_order_created","context":{"supplier_id":8,"order_id":152,"result":{"db_created":true,"email_sent":false}}}
{"ts":"2025-10-25T14:12:09+02:00","event":"supplier_sync_admin_order_created","context":{"supplier_id":8,"order_id":153,"result":{"db_created":true,"email_sent":false}}}
{"ts":"2025-10-25T14:12:09+02:00","event":"supplier_sync_admin_order_created","context":{"supplier_id":8,"order_id":151,"result":{"db_created":true,"email_sent":false}}}
{"ts":"2025-10-25T14:12:09+02:00","event":"supplier_sync_admin_order_created","context":{"supplier_id":8,"order_id":150,"result":{"db_created":true,"email_sent":false}}}
{"ts":"2025-10-25T14:12:09+02:00","event":"supplier_sync_admin_order_created","context":{"supplier_id":8,"order_id":147,"result":{"db_created":true,"email_sent":false}}}
{"ts":"2025-10-25T14:12:09+02:00","event":"supplier_sync_admin_order_created","context":{"supplier_id":8,"order_id":148,"result":{"db_created":true,"email_sent":false}}}
{"ts":"2025-10-25T14:12:09+02:00","event":"supplier_sync_admin_order_created","context":{"supplier_id":8,"order_id":149,"result":{"db_created":true,"email_sent":false}}}
{"ts":"2025-10-25T14:12:11+02:00","event":"supplier_ui_mark_read","context":{"supplier_id":8,"id":2048,"ok":true}}
{"ts":"2025-10-25T14:12:14+02:00","event":"supplier_ui_mark_read","context":{"supplier_id":8,"id":2049,"ok":true}}
{"ts":"2025-10-25T14:12:18+02:00","event":"supplier_ui_mark_read","context":{"supplier_id":8,"id":2050,"ok":true}}
{"ts":"2025-10-25T14:12:22+02:00","event":"supplier_ui_mark_all_read","context":{"supplier_id":8,"ok":true}}
{"ts":"2025-10-25T14:12:44+02:00","event":"supplier_ui_delete","context":{"supplier_id":8,"id":2049,"ok":true}}
{"ts":"2025-10-25T14:12:44+02:00","event":"supplier_sync_admin_order_created","context":{"supplier_id":8,"order_id":158,"result":{"db_created":true,"email_sent":false}}}
{"ts":"2025-10-25T14:12:47+02:00","event":"supplier_ui_mark_all_read","context":{"supplier_id":8,"ok":true}}
{"ts":"2025-10-25T14:12:50+02:00","event":"supplier_ui_mark_read","context":{"supplier_id":8,"id":2050,"ok":true}}
{"ts":"2025-10-25T14:30:42+02:00","event":"supplier_ui_mark_all_read","context":{"supplier_id":8,"ok":true}}
{"ts":"2025-10-25T14:30:59+02:00","event":"supplier_sync_admin_order_created","context":{"supplier_id":8,"order_id":166,"result":{"db_created":true,"email_sent":false}}}
{"ts":"2025-10-25T14:31:19+02:00","event":"supplier_ui_mark_read","context":{"supplier_id":8,"id":2062,"ok":true}}
{"ts":"2025-10-25T14:37:05+02:00","event":"supplier_ui_mark_all_read","context":{"supplier_id":8,"ok":true}}
{"ts":"2025-10-25T15:43:07+02:00","event":"supplier_sync_admin_order_created","context":{"supplier_id":8,"order_id":173,"result":{"db_created":true,"email_sent":false}}}
{"ts":"2025-10-25T15:43:07+02:00","event":"supplier_sync_admin_order_created","context":{"supplier_id":8,"order_id":172,"result":{"db_created":true,"email_sent":false}}}
{"ts":"2025-10-25T15:43:07+02:00","event":"supplier_sync_admin_order_created","context":{"supplier_id":8,"order_id":171,"result":{"db_created":true,"email_sent":false}}}
{"ts":"2025-10-25T15:43:07+02:00","event":"supplier_sync_admin_order_created","context":{"supplier_id":8,"order_id":170,"result":{"db_created":true,"email_sent":false}}}
{"ts":"2025-10-25T15:43:07+02:00","event":"supplier_sync_admin_order_created","context":{"supplier_id":8,"order_id":169,"result":{"db_created":true,"email_sent":false}}}
{"ts":"2025-10-25T15:43:07+02:00","event":"supplier_sync_admin_order_created","context":{"supplier_id":8,"order_id":168,"result":{"db_created":true,"email_sent":false}}}
{"ts":"2025-10-25T15:43:07+02:00","event":"supplier_sync_admin_order_created","context":{"supplier_id":8,"order_id":167,"result":{"db_created":true,"email_sent":false}}}
{"ts":"2025-10-25T15:43:13+02:00","event":"supplier_ui_mark_read","context":{"supplier_id":8,"id":2116,"ok":true}}
{"ts":"2025-10-25T15:43:17+02:00","event":"supplier_ui_mark_all_read","context":{"supplier_id":8,"ok":true}}
{"ts":"2025-10-25T15:46:37+02:00","event":"supplier_sync_admin_order_created","context":{"supplier_id":8,"order_id":174,"result":{"db_created":true,"email_sent":false}}}
{"ts":"2025-10-25T15:46:48+02:00","event":"supplier_ui_mark_read","context":{"supplier_id":8,"id":2124,"ok":true}}
{"ts":"2025-10-25T15:46:54+02:00","event":"supplier_ui_mark_all_read","context":{"supplier_id":8,"ok":true}}
{"ts":"2025-10-25T16:21:50+02:00","event":"supplier_sync_admin_order_created","context":{"supplier_id":8,"order_id":175,"result":{"db_created":true,"email_sent":false}}}
{"ts":"2025-10-25T16:21:56+02:00","event":"supplier_ui_mark_read","context":{"supplier_id":8,"id":2141,"ok":true}}
[counter_update] {"event":"counter_change","action":"mark_order_completed","category":"to_receive","previous":9,"new":8,"order_id":176,"delivery_id":null,"supplier_id":8,"ts":"2025-10-26 06:57:36"}
[counter_update] {"event":"counter_change","action":"mark_order_completed","category":"completed","previous":17,"new":18,"order_id":176,"delivery_id":null,"supplier_id":8,"ts":"2025-10-26 06:57:36"}
[counter_update] {"event":"counter_change","action":"create_delivery","category":"to_ship","previous":1,"new":0,"order_id":177,"delivery_id":null,"supplier_id":8,"ts":"2025-10-26 06:59:45"}
[counter_update] {"event":"counter_change","action":"create_delivery","category":"to_receive","previous":8,"new":9,"order_id":177,"delivery_id":null,"supplier_id":8,"ts":"2025-10-26 06:59:45"}
[counter_update] {"event":"counter_change","action":"mark_order_completed","category":"to_receive","previous":9,"new":8,"order_id":177,"delivery_id":null,"supplier_id":8,"ts":"2025-10-26 07:00:24"}
[counter_update] {"event":"counter_change","action":"mark_order_completed","category":"completed","previous":18,"new":19,"order_id":177,"delivery_id":null,"supplier_id":8,"ts":"2025-10-26 07:00:24"}
{"ts":"2025-10-26T07:06:29+01:00","event":"supplier_sync_admin_order_created","context":{"supplier_id":8,"order_id":178,"result":{"db_created":true,"email_sent":false}}}
{"ts":"2025-10-26T07:06:29+01:00","event":"supplier_sync_admin_order_created","context":{"supplier_id":8,"order_id":177,"result":{"db_created":true,"email_sent":false}}}
{"ts":"2025-10-26T07:06:29+01:00","event":"supplier_sync_admin_order_created","context":{"supplier_id":8,"order_id":176,"result":{"db_created":true,"email_sent":false}}}
{"ts":"2025-10-26T07:06:33+01:00","event":"supplier_ui_mark_read","context":{"supplier_id":8,"id":2176,"ok":true}}
{"ts":"2025-10-26T07:06:40+01:00","event":"supplier_ui_mark_read","context":{"supplier_id":8,"id":2177,"ok":true}}
{"ts":"2025-10-26T07:06:41+01:00","event":"supplier_ui_mark_read","context":{"supplier_id":8,"id":2178,"ok":true}}
[counter_update] {"event":"counter_change","action":"create_delivery","category":"to_ship","previous":1,"new":0,"order_id":178,"delivery_id":null,"supplier_id":8,"ts":"2025-10-26 07:06:54"}
[counter_update] {"event":"counter_change","action":"create_delivery","category":"to_receive","previous":8,"new":9,"order_id":178,"delivery_id":null,"supplier_id":8,"ts":"2025-10-26 07:06:54"}
[counter_update] {"event":"counter_change","action":"mark_order_completed","category":"to_receive","previous":9,"new":8,"order_id":178,"delivery_id":null,"supplier_id":8,"ts":"2025-10-26 07:10:31"}
[counter_update] {"event":"counter_change","action":"mark_order_completed","category":"completed","previous":19,"new":20,"order_id":178,"delivery_id":null,"supplier_id":8,"ts":"2025-10-26 07:10:31"}
{"ts":"2025-10-26T14:03:22+01:00","event":"supplier_sync_admin_order_created","context":{"supplier_id":8,"order_id":180,"result":{"db_created":true,"email_sent":false}}}
{"ts":"2025-10-26T14:03:22+01:00","event":"supplier_sync_admin_order_created","context":{"supplier_id":8,"order_id":179,"result":{"db_created":true,"email_sent":false}}}
{"ts":"2025-10-26T14:03:23+01:00","event":"supplier_ui_mark_read","context":{"supplier_id":8,"id":2240,"ok":true}}
{"ts":"2025-10-26T14:03:26+01:00","event":"supplier_ui_mark_read","context":{"supplier_id":8,"id":2240,"ok":true}}
{"ts":"2025-10-26T14:03:28+01:00","event":"supplier_ui_mark_read","context":{"supplier_id":8,"id":2241,"ok":true}}
{"ts":"2025-10-26T14:13:33+01:00","event":"supplier_ui_delete","context":{"supplier_id":8,"id":2240,"ok":true}}
{"ts":"2025-10-26T14:13:33+01:00","event":"supplier_sync_admin_order_created","context":{"supplier_id":8,"order_id":180,"result":{"db_created":true,"email_sent":false}}}
{"ts":"2025-10-26T14:13:43+01:00","event":"supplier_ui_mark_read","context":{"supplier_id":8,"id":2247,"ok":true}}
{"ts":"2025-10-26T14:13:45+01:00","event":"supplier_ui_mark_read","context":{"supplier_id":8,"id":2247,"ok":true}}
{"ts":"2025-10-26T14:13:55+01:00","event":"supplier_ui_delete","context":{"supplier_id":8,"id":2247,"ok":true}}
{"ts":"2025-10-26T14:13:55+01:00","event":"supplier_sync_admin_order_created","context":{"supplier_id":8,"order_id":180,"result":{"db_created":true,"email_sent":false}}}
{"ts":"2025-10-26T14:13:58+01:00","event":"supplier_ui_delete","context":{"supplier_id":8,"id":2241,"ok":true}}
{"ts":"2025-10-26T14:13:58+01:00","event":"supplier_sync_admin_order_created","context":{"supplier_id":8,"order_id":179,"result":{"db_created":true,"email_sent":false}}}
{"ts":"2025-10-26T14:18:08+01:00","event":"supplier_ui_mark_read","context":{"supplier_id":8,"id":2249,"ok":true}}
{"ts":"2025-10-26T14:18:10+01:00","event":"supplier_ui_mark_read","context":{"supplier_id":8,"id":2249,"ok":true}}
{"ts":"2025-10-26T14:19:28+01:00","event":"supplier_ui_mark_read","context":{"supplier_id":8,"id":2248,"ok":true}}
{"ts":"2025-10-26T14:19:30+01:00","event":"supplier_ui_mark_read","context":{"supplier_id":8,"id":2248,"ok":true}}
[2025-10-29T04:56:59+01:00] OAuth start error: Google OAuth is not configured: missing client_id. Update config/google_oauth.php with your actual Google OAuth Client ID.
[2025-10-29T04:57:15+01:00] OAuth start error: Google OAuth is not configured: missing client_id. Update config/google_oauth.php with your actual Google OAuth Client ID.
[2025-10-29T04:59:03+01:00] OAuth start error: Google OAuth is not configured: missing client_id. Update config/google_oauth.php with your actual Google OAuth Client ID.
{"ts":"2025-10-29T12:17:22+01:00","event":"supplier_ui_mark_all_read","context":{"supplier_id":2,"ok":true}}
{"ts":"2025-11-02T08:18:40+01:00","event":"supplier_email_error","context":{"supplier_id":1,"error":"SQLSTATE[42S22]: Column not found: 1054 Unknown column 'company_name' in 'field list'"}}
{"ts":"2025-11-02T08:18:40+01:00","event":"supplier_sync_admin_order_created","context":{"supplier_id":1,"order_id":2,"result":{"db_created":true,"email_sent":false}}}
{"ts":"2025-11-02T11:15:58+01:00","event":"supplier_email_error","context":{"supplier_id":1,"error":"SQLSTATE[42S22]: Column not found: 1054 Unknown column 'company_name' in 'field list'"}}
{"ts":"2025-11-02T11:15:58+01:00","event":"supplier_sync_admin_order_created","context":{"supplier_id":1,"order_id":5,"result":{"db_created":true,"email_sent":false}}}
{"ts":"2025-11-02T11:15:58+01:00","event":"supplier_email_error","context":{"supplier_id":1,"error":"SQLSTATE[42S22]: Column not found: 1054 Unknown column 'company_name' in 'field list'"}}
{"ts":"2025-11-02T11:15:58+01:00","event":"supplier_sync_admin_order_created","context":{"supplier_id":1,"order_id":4,"result":{"db_created":true,"email_sent":false}}}
{"ts":"2025-11-02T11:15:58+01:00","event":"supplier_email_error","context":{"supplier_id":1,"error":"SQLSTATE[42S22]: Column not found: 1054 Unknown column 'company_name' in 'field list'"}}
{"ts":"2025-11-02T11:15:58+01:00","event":"supplier_sync_admin_order_created","context":{"supplier_id":1,"order_id":3,"result":{"db_created":true,"email_sent":false}}}
{"ts":"2025-11-02T12:00:58+01:00","event":"supplier_email_error","context":{"supplier_id":1,"error":"SQLSTATE[42S22]: Column not found: 1054 Unknown column 'company_name' in 'field list'"}}
{"ts":"2025-11-02T12:00:58+01:00","event":"supplier_sync_admin_order_created","context":{"supplier_id":1,"order_id":7,"result":{"db_created":true,"email_sent":false}}}
{"ts":"2025-11-02T12:00:58+01:00","event":"supplier_email_error","context":{"supplier_id":1,"error":"SQLSTATE[42S22]: Column not found: 1054 Unknown column 'company_name' in 'field list'"}}
{"ts":"2025-11-02T12:00:58+01:00","event":"supplier_sync_admin_order_created","context":{"supplier_id":1,"order_id":6,"result":{"db_created":true,"email_sent":false}}}
{"ts":"2025-11-02T12:01:01+01:00","event":"supplier_ui_mark_read","context":{"supplier_id":1,"id":327,"ok":true}}
{"ts":"2025-11-02T12:01:02+01:00","event":"supplier_ui_mark_read","context":{"supplier_id":1,"id":341,"ok":true}}
{"ts":"2025-11-02T12:01:04+01:00","event":"supplier_ui_mark_read","context":{"supplier_id":1,"id":340,"ok":true}}
{"ts":"2025-11-02T12:01:05+01:00","event":"supplier_ui_mark_read","context":{"supplier_id":1,"id":339,"ok":true}}
{"ts":"2025-11-02T12:12:47+01:00","event":"supplier_ui_mark_read","context":{"supplier_id":1,"id":351,"ok":true}}
{"ts":"2025-11-02T12:12:49+01:00","event":"supplier_ui_mark_read","context":{"supplier_id":1,"id":350,"ok":true}}
{"ts":"2025-11-02T13:52:04+01:00","event":"supplier_email_error","context":{"supplier_id":1,"error":"SQLSTATE[42S22]: Column not found: 1054 Unknown column 'company_name' in 'field list'"}}
{"ts":"2025-11-02T13:52:04+01:00","event":"supplier_sync_admin_order_created","context":{"supplier_id":1,"order_id":8,"result":{"db_created":true,"email_sent":false}}}
{"ts":"2025-11-02T13:52:05+01:00","event":"supplier_ui_mark_read","context":{"supplier_id":1,"id":358,"ok":true}}
{"ts":"2025-11-02T17:40:36+01:00","event":"supplier_email_error","context":{"supplier_id":4,"error":"SQLSTATE[42S22]: Column not found: 1054 Unknown column 'company_name' in 'field list'"}}
{"ts":"2025-11-02T17:40:36+01:00","event":"supplier_sync_admin_order_created","context":{"supplier_id":4,"order_id":9,"result":{"db_created":true,"email_sent":false}}}
{"ts":"2025-11-02T17:40:38+01:00","event":"supplier_ui_mark_read","context":{"supplier_id":4,"id":372,"ok":true}}
{"ts":"2025-11-03T06:55:14+01:00","event":"supplier_email_error","context":{"supplier_id":4,"error":"SQLSTATE[42S22]: Column not found: 1054 Unknown column 'company_name' in 'field list'"}}
{"ts":"2025-11-03T06:55:14+01:00","event":"supplier_sync_admin_order_created","context":{"supplier_id":4,"order_id":14,"result":{"db_created":true,"email_sent":false}}}
{"ts":"2025-11-03T06:55:14+01:00","event":"supplier_email_error","context":{"supplier_id":4,"error":"SQLSTATE[42S22]: Column not found: 1054 Unknown column 'company_name' in 'field list'"}}
{"ts":"2025-11-03T06:55:14+01:00","event":"supplier_sync_admin_order_created","context":{"supplier_id":4,"order_id":13,"result":{"db_created":true,"email_sent":false}}}
{"ts":"2025-11-03T06:55:16+01:00","event":"supplier_ui_mark_read","context":{"supplier_id":4,"id":411,"ok":true}}
{"ts":"2025-11-03T06:55:17+01:00","event":"supplier_ui_mark_read","context":{"supplier_id":4,"id":410,"ok":true}}
{"ts":"2025-11-03T14:48:21+01:00","event":"supplier_email_error","context":{"supplier_id":4,"error":"SQLSTATE[42S22]: Column not found: 1054 Unknown column 'company_name' in 'field list'"}}
{"ts":"2025-11-03T14:48:21+01:00","event":"supplier_sync_admin_order_created","context":{"supplier_id":4,"order_id":32,"result":{"db_created":true,"email_sent":false}}}
{"ts":"2025-11-03T14:48:21+01:00","event":"supplier_email_error","context":{"supplier_id":4,"error":"SQLSTATE[42S22]: Column not found: 1054 Unknown column 'company_name' in 'field list'"}}
{"ts":"2025-11-03T14:48:21+01:00","event":"supplier_sync_admin_order_created","context":{"supplier_id":4,"order_id":31,"result":{"db_created":true,"email_sent":false}}}
{"ts":"2025-11-03T14:48:21+01:00","event":"supplier_email_error","context":{"supplier_id":4,"error":"SQLSTATE[42S22]: Column not found: 1054 Unknown column 'company_name' in 'field list'"}}
{"ts":"2025-11-03T14:48:21+01:00","event":"supplier_sync_admin_order_created","context":{"supplier_id":4,"order_id":28,"result":{"db_created":true,"email_sent":false}}}
{"ts":"2025-11-03T14:48:21+01:00","event":"supplier_email_error","context":{"supplier_id":4,"error":"SQLSTATE[42S22]: Column not found: 1054 Unknown column 'company_name' in 'field list'"}}
{"ts":"2025-11-03T14:48:21+01:00","event":"supplier_sync_admin_order_created","context":{"supplier_id":4,"order_id":29,"result":{"db_created":true,"email_sent":false}}}
{"ts":"2025-11-03T14:48:21+01:00","event":"supplier_email_error","context":{"supplier_id":4,"error":"SQLSTATE[42S22]: Column not found: 1054 Unknown column 'company_name' in 'field list'"}}
{"ts":"2025-11-03T14:48:21+01:00","event":"supplier_sync_admin_order_created","context":{"supplier_id":4,"order_id":27,"result":{"db_created":true,"email_sent":false}}}
{"ts":"2025-11-03T14:48:21+01:00","event":"supplier_email_error","context":{"supplier_id":4,"error":"SQLSTATE[42S22]: Column not found: 1054 Unknown column 'company_name' in 'field list'"}}
{"ts":"2025-11-03T14:48:21+01:00","event":"supplier_sync_admin_order_created","context":{"supplier_id":4,"order_id":26,"result":{"db_created":true,"email_sent":false}}}
{"ts":"2025-11-03T14:48:21+01:00","event":"supplier_email_error","context":{"supplier_id":4,"error":"SQLSTATE[42S22]: Column not found: 1054 Unknown column 'company_name' in 'field list'"}}
{"ts":"2025-11-03T14:48:21+01:00","event":"supplier_sync_admin_order_created","context":{"supplier_id":4,"order_id":25,"result":{"db_created":true,"email_sent":false}}}
{"ts":"2025-11-03T14:48:21+01:00","event":"supplier_email_error","context":{"supplier_id":4,"error":"SQLSTATE[42S22]: Column not found: 1054 Unknown column 'company_name' in 'field list'"}}
{"ts":"2025-11-03T14:48:21+01:00","event":"supplier_sync_admin_order_created","context":{"supplier_id":4,"order_id":24,"result":{"db_created":true,"email_sent":false}}}
{"ts":"2025-11-03T14:48:21+01:00","event":"supplier_email_error","context":{"supplier_id":4,"error":"SQLSTATE[42S22]: Column not found: 1054 Unknown column 'company_name' in 'field list'"}}
{"ts":"2025-11-03T14:48:21+01:00","event":"supplier_sync_admin_order_created","context":{"supplier_id":4,"order_id":23,"result":{"db_created":true,"email_sent":false}}}
{"ts":"2025-11-03T14:48:21+01:00","event":"supplier_email_error","context":{"supplier_id":4,"error":"SQLSTATE[42S22]: Column not found: 1054 Unknown column 'company_name' in 'field list'"}}
{"ts":"2025-11-03T14:48:21+01:00","event":"supplier_sync_admin_order_created","context":{"supplier_id":4,"order_id":22,"result":{"db_created":true,"email_sent":false}}}
{"ts":"2025-11-03T14:48:21+01:00","event":"supplier_email_error","context":{"supplier_id":4,"error":"SQLSTATE[42S22]: Column not found: 1054 Unknown column 'company_name' in 'field list'"}}
{"ts":"2025-11-03T14:48:21+01:00","event":"supplier_sync_admin_order_created","context":{"supplier_id":4,"order_id":21,"result":{"db_created":true,"email_sent":false}}}
{"ts":"2025-11-03T14:48:21+01:00","event":"supplier_email_error","context":{"supplier_id":4,"error":"SQLSTATE[42S22]: Column not found: 1054 Unknown column 'company_name' in 'field list'"}}
{"ts":"2025-11-03T14:48:21+01:00","event":"supplier_sync_admin_order_created","context":{"supplier_id":4,"order_id":20,"result":{"db_created":true,"email_sent":false}}}
{"ts":"2025-11-03T14:48:21+01:00","event":"supplier_email_error","context":{"supplier_id":4,"error":"SQLSTATE[42S22]: Column not found: 1054 Unknown column 'company_name' in 'field list'"}}
{"ts":"2025-11-03T14:48:21+01:00","event":"supplier_sync_admin_order_created","context":{"supplier_id":4,"order_id":19,"result":{"db_created":true,"email_sent":false}}}
{"ts":"2025-11-03T14:48:21+01:00","event":"supplier_email_error","context":{"supplier_id":4,"error":"SQLSTATE[42S22]: Column not found: 1054 Unknown column 'company_name' in 'field list'"}}
{"ts":"2025-11-03T14:48:21+01:00","event":"supplier_sync_admin_order_created","context":{"supplier_id":4,"order_id":17,"result":{"db_created":true,"email_sent":false}}}
{"ts":"2025-11-03T14:48:21+01:00","event":"supplier_email_error","context":{"supplier_id":4,"error":"SQLSTATE[42S22]: Column not found: 1054 Unknown column 'company_name' in 'field list'"}}
{"ts":"2025-11-03T14:48:21+01:00","event":"supplier_sync_admin_order_created","context":{"supplier_id":4,"order_id":15,"result":{"db_created":true,"email_sent":false}}}
{"ts":"2025-11-03T14:48:21+01:00","event":"supplier_email_error","context":{"supplier_id":4,"error":"SQLSTATE[42S22]: Column not found: 1054 Unknown column 'company_name' in 'field list'"}}
{"ts":"2025-11-03T14:48:21+01:00","event":"supplier_sync_admin_order_created","context":{"supplier_id":4,"order_id":18,"result":{"db_created":true,"email_sent":false}}}
{"ts":"2025-11-03T14:48:21+01:00","event":"supplier_email_error","context":{"supplier_id":4,"error":"SQLSTATE[42S22]: Column not found: 1054 Unknown column 'company_name' in 'field list'"}}
{"ts":"2025-11-03T14:48:21+01:00","event":"supplier_sync_admin_order_created","context":{"supplier_id":4,"order_id":16,"result":{"db_created":true,"email_sent":false}}}
{"ts":"2025-11-03T14:48:24+01:00","event":"supplier_ui_mark_all_read","context":{"supplier_id":4,"ok":true}}
{"ts":"2025-11-03T14:48:26+01:00","event":"supplier_ui_mark_read","context":{"supplier_id":4,"id":465,"ok":true}}
{"ts":"2025-11-03T14:59:26+01:00","event":"supplier_email_error","context":{"supplier_id":4,"error":"SQLSTATE[42S22]: Column not found: 1054 Unknown column 'company_name' in 'field list'"}}
{"ts":"2025-11-03T14:59:26+01:00","event":"supplier_sync_admin_order_created","context":{"supplier_id":4,"order_id":34,"result":{"db_created":true,"email_sent":false}}}
{"ts":"2025-11-03T14:59:26+01:00","event":"supplier_email_error","context":{"supplier_id":4,"error":"SQLSTATE[42S22]: Column not found: 1054 Unknown column 'company_name' in 'field list'"}}
{"ts":"2025-11-03T14:59:26+01:00","event":"supplier_sync_admin_order_created","context":{"supplier_id":4,"order_id":33,"result":{"db_created":true,"email_sent":false}}}
{"ts":"2025-11-03T15:06:21+01:00","event":"supplier_email_error","context":{"supplier_id":4,"error":"SQLSTATE[42S22]: Column not found: 1054 Unknown column 'company_name' in 'field list'"}}
{"ts":"2025-11-03T15:06:21+01:00","event":"supplier_sync_admin_order_created","context":{"supplier_id":4,"order_id":36,"result":{"db_created":true,"email_sent":false}}}
{"ts":"2025-11-03T15:06:21+01:00","event":"supplier_email_error","context":{"supplier_id":4,"error":"SQLSTATE[42S22]: Column not found: 1054 Unknown column 'company_name' in 'field list'"}}
{"ts":"2025-11-03T15:06:21+01:00","event":"supplier_sync_admin_order_created","context":{"supplier_id":4,"order_id":35,"result":{"db_created":true,"email_sent":false}}}
{"ts":"2025-11-03T15:55:55+01:00","event":"supplier_email_error","context":{"supplier_id":4,"error":"SQLSTATE[42S22]: Column not found: 1054 Unknown column 'company_name' in 'field list'"}}
{"ts":"2025-11-03T15:55:55+01:00","event":"supplier_sync_admin_order_created","context":{"supplier_id":4,"order_id":39,"result":{"db_created":true,"email_sent":false}}}
{"ts":"2025-11-03T15:55:55+01:00","event":"supplier_email_error","context":{"supplier_id":4,"error":"SQLSTATE[42S22]: Column not found: 1054 Unknown column 'company_name' in 'field list'"}}
{"ts":"2025-11-03T15:55:55+01:00","event":"supplier_sync_admin_order_created","context":{"supplier_id":4,"order_id":38,"result":{"db_created":true,"email_sent":false}}}
{"ts":"2025-11-03T15:55:55+01:00","event":"supplier_email_error","context":{"supplier_id":4,"error":"SQLSTATE[42S22]: Column not found: 1054 Unknown column 'company_name' in 'field list'"}}
{"ts":"2025-11-03T15:55:55+01:00","event":"supplier_sync_admin_order_created","context":{"supplier_id":4,"order_id":37,"result":{"db_created":true,"email_sent":false}}}
{"ts":"2025-11-03T15:55:55+01:00","event":"supplier_email_error","context":{"supplier_id":4,"error":"SQLSTATE[42S22]: Column not found: 1054 Unknown column 'company_name' in 'field list'"}}
{"ts":"2025-11-03T15:55:55+01:00","event":"supplier_sync_admin_order_created","context":{"supplier_id":4,"order_id":29,"result":{"db_created":true,"email_sent":false}}}
{"ts":"2025-11-03T15:55:55+01:00","event":"supplier_email_error","context":{"supplier_id":4,"error":"SQLSTATE[42S22]: Column not found: 1054 Unknown column 'company_name' in 'field list'"}}
{"ts":"2025-11-03T15:55:55+01:00","event":"supplier_sync_admin_order_created","context":{"supplier_id":4,"order_id":28,"result":{"db_created":true,"email_sent":false}}}
{"ts":"2025-11-03T15:55:55+01:00","event":"supplier_email_error","context":{"supplier_id":4,"error":"SQLSTATE[42S22]: Column not found: 1054 Unknown column 'company_name' in 'field list'"}}
{"ts":"2025-11-03T15:55:55+01:00","event":"supplier_sync_admin_order_created","context":{"supplier_id":4,"order_id":27,"result":{"db_created":true,"email_sent":false}}}
{"ts":"2025-11-03T15:55:55+01:00","event":"supplier_email_error","context":{"supplier_id":4,"error":"SQLSTATE[42S22]: Column not found: 1054 Unknown column 'company_name' in 'field list'"}}
{"ts":"2025-11-03T15:55:55+01:00","event":"supplier_sync_admin_order_created","context":{"supplier_id":4,"order_id":26,"result":{"db_created":true,"email_sent":false}}}
{"ts":"2025-11-03T15:59:40+01:00","event":"supplier_ui_mark_all_read","context":{"supplier_id":4,"ok":true}}
{"ts":"2025-11-03T16:01:35+01:00","event":"supplier_ui_delete","context":{"supplier_id":4,"id":512,"ok":true}}
{"ts":"2025-11-03T16:01:35+01:00","event":"supplier_email_error","context":{"supplier_id":4,"error":"SQLSTATE[42S22]: Column not found: 1054 Unknown column 'company_name' in 'field list'"}}
{"ts":"2025-11-03T16:01:35+01:00","event":"supplier_sync_admin_order_created","context":{"supplier_id":4,"order_id":27,"result":{"db_created":true,"email_sent":false}}}
{"ts":"2025-11-03T16:01:39+01:00","event":"supplier_ui_mark_read","context":{"supplier_id":4,"id":514,"ok":true}}
{"ts":"2025-11-03T16:01:44+01:00","event":"supplier_ui_delete","context":{"supplier_id":4,"id":514,"ok":true}}
{"ts":"2025-11-03T16:01:44+01:00","event":"supplier_email_error","context":{"supplier_id":4,"error":"SQLSTATE[42S22]: Column not found: 1054 Unknown column 'company_name' in 'field list'"}}
{"ts":"2025-11-03T16:01:44+01:00","event":"supplier_sync_admin_order_created","context":{"supplier_id":4,"order_id":27,"result":{"db_created":true,"email_sent":false}}}
{"ts":"2025-11-03T16:01:49+01:00","event":"supplier_ui_delete","context":{"supplier_id":4,"id":515,"ok":true}}
{"ts":"2025-11-03T16:01:49+01:00","event":"supplier_email_error","context":{"supplier_id":4,"error":"SQLSTATE[42S22]: Column not found: 1054 Unknown column 'company_name' in 'field list'"}}
{"ts":"2025-11-03T16:01:49+01:00","event":"supplier_sync_admin_order_created","context":{"supplier_id":4,"order_id":27,"result":{"db_created":true,"email_sent":false}}}
{"ts":"2025-11-03T16:07:00+01:00","event":"supplier_ui_delete","context":{"supplier_id":4,"id":516,"ok":true}}
{"ts":"2025-11-03T16:07:00+01:00","event":"supplier_email_error","context":{"supplier_id":4,"error":"SQLSTATE[42S22]: Column not found: 1054 Unknown column 'company_name' in 'field list'"}}
{"ts":"2025-11-03T16:07:00+01:00","event":"supplier_sync_admin_order_created","context":{"supplier_id":4,"order_id":27,"result":{"db_created":true,"email_sent":false}}}
{"ts":"2025-11-03T16:07:21+01:00","event":"supplier_ui_mark_read","context":{"supplier_id":4,"id":517,"ok":true}}
{"ts":"2025-11-03T16:09:55+01:00","event":"supplier_delete_notification","context":{"supplier_id":4,"id":517,"ok":true}}
{"ts":"2025-11-03T16:09:57+01:00","event":"supplier_email_error","context":{"supplier_id":4,"error":"SQLSTATE[42S22]: Column not found: 1054 Unknown column 'company_name' in 'field list'"}}
{"ts":"2025-11-03T16:09:57+01:00","event":"supplier_sync_admin_order_created","context":{"supplier_id":4,"order_id":27,"result":{"db_created":true,"email_sent":false}}}
{"ts":"2025-11-03T16:14:27+01:00","event":"supplier_mark_read","context":{"supplier_id":4,"id":518,"ok":true}}
{"ts":"2025-11-03T16:14:32+01:00","event":"supplier_delete_notification","context":{"supplier_id":4,"id":518,"ok":true}}
{"ts":"2025-11-03T16:14:34+01:00","event":"supplier_email_error","context":{"supplier_id":4,"error":"SQLSTATE[42S22]: Column not found: 1054 Unknown column 'company_name' in 'field list'"}}
{"ts":"2025-11-03T16:14:34+01:00","event":"supplier_sync_admin_order_created","context":{"supplier_id":4,"order_id":27,"result":{"db_created":true,"email_sent":false}}}
{"ts":"2025-11-03T16:16:47+01:00","event":"supplier_mark_read","context":{"supplier_id":4,"id":519,"ok":true}}
{"ts":"2025-11-03T16:16:57+01:00","event":"supplier_delete_notification","context":{"supplier_id":4,"id":519,"ok":true}}
{"ts":"2025-11-03T16:16:59+01:00","event":"supplier_delete_notification","context":{"supplier_id":4,"id":513,"ok":true}}
{"ts":"2025-11-03T16:17:00+01:00","event":"supplier_delete_notification","context":{"supplier_id":4,"id":507,"ok":true}}
{"ts":"2025-11-03T16:17:02+01:00","event":"supplier_delete_notification","context":{"supplier_id":4,"id":508,"ok":true}}
{"ts":"2025-11-03T16:17:03+01:00","event":"supplier_delete_notification","context":{"supplier_id":4,"id":509,"ok":true}}
{"ts":"2025-11-03T16:17:06+01:00","event":"supplier_email_error","context":{"supplier_id":4,"error":"SQLSTATE[42S22]: Column not found: 1054 Unknown column 'company_name' in 'field list'"}}
{"ts":"2025-11-03T16:17:06+01:00","event":"supplier_sync_admin_order_created","context":{"supplier_id":4,"order_id":39,"result":{"db_created":true,"email_sent":false}}}
{"ts":"2025-11-03T16:17:06+01:00","event":"supplier_email_error","context":{"supplier_id":4,"error":"SQLSTATE[42S22]: Column not found: 1054 Unknown column 'company_name' in 'field list'"}}
{"ts":"2025-11-03T16:17:06+01:00","event":"supplier_sync_admin_order_created","context":{"supplier_id":4,"order_id":38,"result":{"db_created":true,"email_sent":false}}}
{"ts":"2025-11-03T16:17:06+01:00","event":"supplier_email_error","context":{"supplier_id":4,"error":"SQLSTATE[42S22]: Column not found: 1054 Unknown column 'company_name' in 'field list'"}}
{"ts":"2025-11-03T16:17:06+01:00","event":"supplier_sync_admin_order_created","context":{"supplier_id":4,"order_id":37,"result":{"db_created":true,"email_sent":false}}}
{"ts":"2025-11-03T16:17:06+01:00","event":"supplier_email_error","context":{"supplier_id":4,"error":"SQLSTATE[42S22]: Column not found: 1054 Unknown column 'company_name' in 'field list'"}}
{"ts":"2025-11-03T16:17:06+01:00","event":"supplier_sync_admin_order_created","context":{"supplier_id":4,"order_id":27,"result":{"db_created":true,"email_sent":false}}}
{"ts":"2025-11-03T16:17:06+01:00","event":"supplier_email_error","context":{"supplier_id":4,"error":"SQLSTATE[42S22]: Column not found: 1054 Unknown column 'company_name' in 'field list'"}}
{"ts":"2025-11-03T16:17:06+01:00","event":"supplier_sync_admin_order_created","context":{"supplier_id":4,"order_id":26,"result":{"db_created":true,"email_sent":false}}}
{"ts":"2025-11-03T16:17:11+01:00","event":"supplier_delete_notification","context":{"supplier_id":4,"id":524,"ok":true}}
{"ts":"2025-11-03T16:19:11+01:00","event":"supplier_mark_all_read","context":{"supplier_id":4,"ok":true}}
{"ts":"2025-11-03T16:19:16+01:00","event":"supplier_delete_notification","context":{"supplier_id":4,"id":520,"ok":true}}
{"ts":"2025-11-03T16:19:18+01:00","event":"supplier_delete_notification","context":{"supplier_id":4,"id":521,"ok":true}}
{"ts":"2025-11-03T16:19:23+01:00","event":"supplier_delete_notification","context":{"supplier_id":4,"id":522,"ok":true}}
{"ts":"2025-11-03T16:21:53+01:00","event":"supplier_delete_multiple","context":{"supplier_id":4,"count":19,"deleted":19,"errors":[]}}
{"ts":"2025-11-12T21:57:28+01:00","event":"supplier_mark_all_read","context":{"supplier_id":4,"ok":true}}
{"ts":"2025-11-13T03:00:38+01:00","event":"supplier_email_error","context":{"supplier_id":4,"error":"SQLSTATE[42S22]: Column not found: 1054 Unknown column 'company_name' in 'field list'"}}
{"ts":"2025-11-13T03:00:38+01:00","event":"supplier_sync_admin_order_created","context":{"supplier_id":4,"order_id":45,"result":{"db_created":true,"email_sent":false}}}
{"ts":"2025-11-13T03:00:38+01:00","event":"supplier_email_error","context":{"supplier_id":4,"error":"SQLSTATE[42S22]: Column not found: 1054 Unknown column 'company_name' in 'field list'"}}
{"ts":"2025-11-13T03:00:38+01:00","event":"supplier_sync_admin_order_created","context":{"supplier_id":4,"order_id":44,"result":{"db_created":true,"email_sent":false}}}
{"ts":"2025-11-13T03:00:38+01:00","event":"supplier_email_error","context":{"supplier_id":4,"error":"SQLSTATE[42S22]: Column not found: 1054 Unknown column 'company_name' in 'field list'"}}
{"ts":"2025-11-13T03:00:38+01:00","event":"supplier_sync_admin_order_created","context":{"supplier_id":4,"order_id":43,"result":{"db_created":true,"email_sent":false}}}
{"ts":"2025-11-13T03:00:41+01:00","event":"supplier_mark_read","context":{"supplier_id":4,"id":539,"ok":true}}
{"ts":"2025-11-13T03:00:49+01:00","event":"supplier_delete_multiple","context":{"supplier_id":4,"count":3,"deleted":3,"errors":[]}}
{"ts":"2025-11-13T03:00:50+01:00","event":"supplier_email_error","context":{"supplier_id":4,"error":"SQLSTATE[42S22]: Column not found: 1054 Unknown column 'company_name' in 'field list'"}}
{"ts":"2025-11-13T03:00:50+01:00","event":"supplier_sync_admin_order_created","context":{"supplier_id":4,"order_id":45,"result":{"db_created":true,"email_sent":false}}}
{"ts":"2025-11-13T03:00:50+01:00","event":"supplier_email_error","context":{"supplier_id":4,"error":"SQLSTATE[42S22]: Column not found: 1054 Unknown column 'company_name' in 'field list'"}}
{"ts":"2025-11-13T03:00:50+01:00","event":"supplier_sync_admin_order_created","context":{"supplier_id":4,"order_id":44,"result":{"db_created":true,"email_sent":false}}}
{"ts":"2025-11-13T03:00:50+01:00","event":"supplier_email_error","context":{"supplier_id":4,"error":"SQLSTATE[42S22]: Column not found: 1054 Unknown column 'company_name' in 'field list'"}}
{"ts":"2025-11-13T03:00:50+01:00","event":"supplier_sync_admin_order_created","context":{"supplier_id":4,"order_id":43,"result":{"db_created":true,"email_sent":false}}}
{"ts":"2025-11-13T03:05:47+01:00","event":"supplier_mark_all_read","context":{"supplier_id":4,"ok":true}}
{"ts":"2025-11-13T03:05:58+01:00","event":"supplier_delete_multiple","context":{"supplier_id":4,"count":3,"deleted":3,"errors":[]}}
{"ts":"2025-11-13T03:05:59+01:00","event":"supplier_email_error","context":{"supplier_id":4,"error":"SQLSTATE[42S22]: Column not found: 1054 Unknown column 'company_name' in 'field list'"}}
{"ts":"2025-11-13T03:05:59+01:00","event":"supplier_sync_admin_order_created","context":{"supplier_id":4,"order_id":45,"result":{"db_created":true,"email_sent":false}}}
{"ts":"2025-11-13T03:05:59+01:00","event":"supplier_email_error","context":{"supplier_id":4,"error":"SQLSTATE[42S22]: Column not found: 1054 Unknown column 'company_name' in 'field list'"}}
{"ts":"2025-11-13T03:05:59+01:00","event":"supplier_sync_admin_order_created","context":{"supplier_id":4,"order_id":44,"result":{"db_created":true,"email_sent":false}}}
{"ts":"2025-11-13T03:05:59+01:00","event":"supplier_email_error","context":{"supplier_id":4,"error":"SQLSTATE[42S22]: Column not found: 1054 Unknown column 'company_name' in 'field list'"}}
{"ts":"2025-11-13T03:05:59+01:00","event":"supplier_sync_admin_order_created","context":{"supplier_id":4,"order_id":43,"result":{"db_created":true,"email_sent":false}}}
{"ts":"2025-11-13T03:06:05+01:00","event":"supplier_delete_multiple","context":{"supplier_id":4,"count":3,"deleted":3,"errors":[]}}
{"ts":"2025-11-13T03:06:06+01:00","event":"supplier_email_error","context":{"supplier_id":4,"error":"SQLSTATE[42S22]: Column not found: 1054 Unknown column 'company_name' in 'field list'"}}
{"ts":"2025-11-13T03:06:06+01:00","event":"supplier_sync_admin_order_created","context":{"supplier_id":4,"order_id":45,"result":{"db_created":true,"email_sent":false}}}
{"ts":"2025-11-13T03:06:06+01:00","event":"supplier_email_error","context":{"supplier_id":4,"error":"SQLSTATE[42S22]: Column not found: 1054 Unknown column 'company_name' in 'field list'"}}
{"ts":"2025-11-13T03:06:06+01:00","event":"supplier_sync_admin_order_created","context":{"supplier_id":4,"order_id":44,"result":{"db_created":true,"email_sent":false}}}
{"ts":"2025-11-13T03:06:06+01:00","event":"supplier_email_error","context":{"supplier_id":4,"error":"SQLSTATE[42S22]: Column not found: 1054 Unknown column 'company_name' in 'field list'"}}
{"ts":"2025-11-13T03:06:06+01:00","event":"supplier_sync_admin_order_created","context":{"supplier_id":4,"order_id":43,"result":{"db_created":true,"email_sent":false}}}
{"ts":"2025-11-13T03:08:08+01:00","event":"supplier_delete_multiple","context":{"supplier_id":4,"count":3,"deleted":3,"errors":[]}}
{"ts":"2025-11-13T03:08:08+01:00","event":"supplier_email_error","context":{"supplier_id":4,"error":"SQLSTATE[42S22]: Column not found: 1054 Unknown column 'company_name' in 'field list'"}}
{"ts":"2025-11-13T03:08:08+01:00","event":"supplier_sync_admin_order_created","context":{"supplier_id":4,"order_id":45,"result":{"db_created":true,"email_sent":false}}}
{"ts":"2025-11-13T03:08:08+01:00","event":"supplier_email_error","context":{"supplier_id":4,"error":"SQLSTATE[42S22]: Column not found: 1054 Unknown column 'company_name' in 'field list'"}}
{"ts":"2025-11-13T03:08:08+01:00","event":"supplier_sync_admin_order_created","context":{"supplier_id":4,"order_id":44,"result":{"db_created":true,"email_sent":false}}}
{"ts":"2025-11-13T03:08:08+01:00","event":"supplier_email_error","context":{"supplier_id":4,"error":"SQLSTATE[42S22]: Column not found: 1054 Unknown column 'company_name' in 'field list'"}}
{"ts":"2025-11-13T03:08:08+01:00","event":"supplier_sync_admin_order_created","context":{"supplier_id":4,"order_id":43,"result":{"db_created":true,"email_sent":false}}}
{"ts":"2025-11-13T03:13:19+01:00","event":"supplier_mark_all_read","context":{"supplier_id":4,"ok":true}}
{"ts":"2025-11-13T03:13:24+01:00","event":"supplier_delete_multiple","context":{"supplier_id":4,"count":3,"deleted":3,"errors":[]}}
{"ts":"2025-11-13T03:13:25+01:00","event":"supplier_email_error","context":{"supplier_id":4,"error":"SQLSTATE[42S22]: Column not found: 1054 Unknown column 'company_name' in 'field list'"}}
{"ts":"2025-11-13T03:13:25+01:00","event":"supplier_sync_admin_order_created","context":{"supplier_id":4,"order_id":45,"result":{"db_created":true,"email_sent":false}}}
{"ts":"2025-11-13T03:13:25+01:00","event":"supplier_email_error","context":{"supplier_id":4,"error":"SQLSTATE[42S22]: Column not found: 1054 Unknown column 'company_name' in 'field list'"}}
{"ts":"2025-11-13T03:13:25+01:00","event":"supplier_sync_admin_order_created","context":{"supplier_id":4,"order_id":44,"result":{"db_created":true,"email_sent":false}}}
{"ts":"2025-11-13T03:13:25+01:00","event":"supplier_email_error","context":{"supplier_id":4,"error":"SQLSTATE[42S22]: Column not found: 1054 Unknown column 'company_name' in 'field list'"}}
{"ts":"2025-11-13T03:13:25+01:00","event":"supplier_sync_admin_order_created","context":{"supplier_id":4,"order_id":43,"result":{"db_created":true,"email_sent":false}}}
{"ts":"2025-11-13T03:13:31+01:00","event":"supplier_mark_all_read","context":{"supplier_id":4,"ok":true}}
{"ts":"2025-11-13T04:19:42+01:00","event":"supplier_email_error","context":{"supplier_id":4,"error":"SQLSTATE[42S22]: Column not found: 1054 Unknown column 'company_name' in 'field list'"}}
{"ts":"2025-11-13T04:19:42+01:00","event":"supplier_sync_admin_order_created","context":{"supplier_id":4,"order_id":46,"result":{"db_created":true,"email_sent":false}}}
{"ts":"2025-11-13T04:19:52+01:00","event":"supplier_delete_multiple","context":{"supplier_id":4,"count":3,"deleted":3,"errors":[]}}
{"ts":"2025-11-13T04:19:53+01:00","event":"supplier_email_error","context":{"supplier_id":4,"error":"SQLSTATE[42S22]: Column not found: 1054 Unknown column 'company_name' in 'field list'"}}
{"ts":"2025-11-13T04:19:53+01:00","event":"supplier_sync_admin_order_created","context":{"supplier_id":4,"order_id":45,"result":{"db_created":true,"email_sent":false}}}
{"ts":"2025-11-13T04:19:53+01:00","event":"supplier_email_error","context":{"supplier_id":4,"error":"SQLSTATE[42S22]: Column not found: 1054 Unknown column 'company_name' in 'field list'"}}
{"ts":"2025-11-13T04:19:53+01:00","event":"supplier_sync_admin_order_created","context":{"supplier_id":4,"order_id":44,"result":{"db_created":true,"email_sent":false}}}
{"ts":"2025-11-13T04:19:53+01:00","event":"supplier_email_error","context":{"supplier_id":4,"error":"SQLSTATE[42S22]: Column not found: 1054 Unknown column 'company_name' in 'field list'"}}
{"ts":"2025-11-13T04:19:53+01:00","event":"supplier_sync_admin_order_created","context":{"supplier_id":4,"order_id":43,"result":{"db_created":true,"email_sent":false}}}
{"ts":"2025-11-13T04:58:47+01:00","event":"supplier_email_error","context":{"supplier_id":4,"error":"SQLSTATE[42S22]: Column not found: 1054 Unknown column 'company_name' in 'field list'"}}
{"ts":"2025-11-13T04:58:47+01:00","event":"supplier_sync_admin_order_created","context":{"supplier_id":4,"order_id":47,"result":{"db_created":true,"email_sent":false}}}
{"ts":"2025-11-13T06:17:52+01:00","event":"supplier_sync_started","context":{"supplier_id":4,"since":"2025-11-12 06:17:52","orders_found":1}}
{"ts":"2025-11-13T06:17:52+01:00","event":"supplier_order_notification_created","context":{"supplier_id":4,"order_id":39,"created":true,"message":"Admin Admin placed order #39: 66 x Cement (per bag / Brand:Generic|Type:Standard) on Nov 13, 2025 13:17"}}
{"ts":"2025-11-13T06:17:52+01:00","event":"supplier_email_error","context":{"supplier_id":4,"error":"SQLSTATE[42S22]: Column not found: 1054 Unknown column 'company_name' in 'field list'"}}
{"ts":"2025-11-13T06:17:52+01:00","event":"supplier_sync_admin_order_created","context":{"supplier_id":4,"order_id":39,"result":{"db_created":true,"email_sent":false}}}
{"ts":"2025-11-13T06:17:52+01:00","event":"supplier_sync_completed","context":{"supplier_id":4,"created":1,"emails":0,"total_orders_checked":1}}
{"ts":"2025-11-13T06:17:54+01:00","event":"supplier_sync_started","context":{"supplier_id":4,"since":"2025-11-12 06:17:54","orders_found":1}}
{"ts":"2025-11-13T06:17:54+01:00","event":"supplier_sync_skipped_exists","context":{"supplier_id":4,"order_id":39}}
{"ts":"2025-11-13T06:17:54+01:00","event":"supplier_sync_completed","context":{"supplier_id":4,"created":0,"emails":0,"total_orders_checked":1}}
{"ts":"2025-11-13T06:18:22+01:00","event":"supplier_sync_started","context":{"supplier_id":4,"since":"2025-11-12 06:18:22","orders_found":1}}
{"ts":"2025-11-13T06:18:22+01:00","event":"supplier_sync_skipped_exists","context":{"supplier_id":4,"order_id":39}}
{"ts":"2025-11-13T06:18:22+01:00","event":"supplier_sync_completed","context":{"supplier_id":4,"created":0,"emails":0,"total_orders_checked":1}}
{"ts":"2025-11-13T06:18:52+01:00","event":"supplier_sync_started","context":{"supplier_id":4,"since":"2025-11-12 06:18:52","orders_found":1}}
{"ts":"2025-11-13T06:18:52+01:00","event":"supplier_sync_skipped_exists","context":{"supplier_id":4,"order_id":39}}
{"ts":"2025-11-13T06:18:52+01:00","event":"supplier_sync_completed","context":{"supplier_id":4,"created":0,"emails":0,"total_orders_checked":1}}
{"ts":"2025-11-13T06:19:22+01:00","event":"supplier_sync_started","context":{"supplier_id":4,"since":"2025-11-12 06:19:22","orders_found":1}}
{"ts":"2025-11-13T06:19:22+01:00","event":"supplier_sync_skipped_exists","context":{"supplier_id":4,"order_id":39}}
{"ts":"2025-11-13T06:19:22+01:00","event":"supplier_sync_completed","context":{"supplier_id":4,"created":0,"emails":0,"total_orders_checked":1}}
{"ts":"2025-11-13T06:19:52+01:00","event":"supplier_sync_started","context":{"supplier_id":4,"since":"2025-11-12 06:19:52","orders_found":1}}
{"ts":"2025-11-13T06:19:52+01:00","event":"supplier_sync_skipped_exists","context":{"supplier_id":4,"order_id":39}}
{"ts":"2025-11-13T06:19:52+01:00","event":"supplier_sync_completed","context":{"supplier_id":4,"created":0,"emails":0,"total_orders_checked":1}}
{"ts":"2025-11-13T06:19:55+01:00","event":"supplier_sync_started","context":{"supplier_id":4,"since":"2025-11-12 06:19:55","orders_found":1}}
{"ts":"2025-11-13T06:19:55+01:00","event":"supplier_sync_skipped_exists","context":{"supplier_id":4,"order_id":39}}
{"ts":"2025-11-13T06:19:55+01:00","event":"supplier_sync_completed","context":{"supplier_id":4,"created":0,"emails":0,"total_orders_checked":1}}
{"ts":"2025-11-13T06:19:57+01:00","event":"supplier_sync_started","context":{"supplier_id":4,"since":"2025-11-12 06:19:57","orders_found":1}}
{"ts":"2025-11-13T06:19:57+01:00","event":"supplier_sync_skipped_exists","context":{"supplier_id":4,"order_id":39}}
{"ts":"2025-11-13T06:19:57+01:00","event":"supplier_sync_completed","context":{"supplier_id":4,"created":0,"emails":0,"total_orders_checked":1}}
{"ts":"2025-11-13T06:22:01+01:00","event":"supplier_sync_started","context":{"supplier_id":4,"since":"2025-11-12 06:22:01","orders_found":1}}
{"ts":"2025-11-13T06:22:01+01:00","event":"supplier_sync_skipped_exists","context":{"supplier_id":4,"order_id":39}}
{"ts":"2025-11-13T06:22:01+01:00","event":"supplier_sync_completed","context":{"supplier_id":4,"created":0,"emails":0,"total_orders_checked":1}}
{"ts":"2025-11-13T06:28:32+01:00","event":"supplier_sync_started","context":{"supplier_id":4,"since":"2025-11-12 06:28:32","orders_found":1}}
{"ts":"2025-11-13T06:28:32+01:00","event":"supplier_sync_skipped_exists","context":{"supplier_id":4,"order_id":39}}
{"ts":"2025-11-13T06:28:32+01:00","event":"supplier_sync_completed","context":{"supplier_id":4,"created":0,"emails":0,"total_orders_checked":1}}
{"ts":"2025-11-13T06:28:34+01:00","event":"supplier_sync_started","context":{"supplier_id":4,"since":"2025-11-12 06:28:34","orders_found":1}}
{"ts":"2025-11-13T06:28:34+01:00","event":"supplier_sync_skipped_exists","context":{"supplier_id":4,"order_id":39}}
{"ts":"2025-11-13T06:28:34+01:00","event":"supplier_sync_completed","context":{"supplier_id":4,"created":0,"emails":0,"total_orders_checked":1}}
{"ts":"2025-11-13T06:28:36+01:00","event":"supplier_sync_started","context":{"supplier_id":4,"since":"2025-11-12 06:28:36","orders_found":1}}
{"ts":"2025-11-13T06:28:36+01:00","event":"supplier_sync_skipped_exists","context":{"supplier_id":4,"order_id":39}}
{"ts":"2025-11-13T06:28:36+01:00","event":"supplier_sync_completed","context":{"supplier_id":4,"created":0,"emails":0,"total_orders_checked":1}}
{"ts":"2025-11-13T06:28:38+01:00","event":"supplier_mark_all_read","context":{"supplier_id":4,"ok":true}}
{"ts":"2025-11-13T06:28:38+01:00","event":"supplier_sync_started","context":{"supplier_id":4,"since":"2025-11-12 06:28:38","orders_found":1}}
{"ts":"2025-11-13T06:28:38+01:00","event":"supplier_sync_skipped_exists","context":{"supplier_id":4,"order_id":39}}
{"ts":"2025-11-13T06:28:38+01:00","event":"supplier_sync_completed","context":{"supplier_id":4,"created":0,"emails":0,"total_orders_checked":1}}
{"ts":"2025-11-13T06:28:42+01:00","event":"supplier_sync_started","context":{"supplier_id":4,"since":"2025-11-12 06:28:42","orders_found":1}}
{"ts":"2025-11-13T06:28:42+01:00","event":"supplier_sync_skipped_exists","context":{"supplier_id":4,"order_id":39}}
{"ts":"2025-11-13T06:28:42+01:00","event":"supplier_sync_completed","context":{"supplier_id":4,"created":0,"emails":0,"total_orders_checked":1}}
{"ts":"2025-11-13T06:28:43+01:00","event":"supplier_sync_started","context":{"supplier_id":4,"since":"2025-11-12 06:28:43","orders_found":1}}
{"ts":"2025-11-13T06:28:43+01:00","event":"supplier_sync_skipped_exists","context":{"supplier_id":4,"order_id":39}}
{"ts":"2025-11-13T06:28:43+01:00","event":"supplier_sync_completed","context":{"supplier_id":4,"created":0,"emails":0,"total_orders_checked":1}}
{"ts":"2025-11-13T06:28:43+01:00","event":"supplier_sync_started","context":{"supplier_id":4,"since":"2025-11-12 06:28:43","orders_found":1}}
{"ts":"2025-11-13T06:28:43+01:00","event":"supplier_sync_skipped_exists","context":{"supplier_id":4,"order_id":39}}
{"ts":"2025-11-13T06:28:43+01:00","event":"supplier_sync_completed","context":{"supplier_id":4,"created":0,"emails":0,"total_orders_checked":1}}
{"ts":"2025-11-13T06:28:45+01:00","event":"supplier_sync_started","context":{"supplier_id":4,"since":"2025-11-12 06:28:45","orders_found":1}}
{"ts":"2025-11-13T06:28:45+01:00","event":"supplier_sync_skipped_exists","context":{"supplier_id":4,"order_id":39}}
{"ts":"2025-11-13T06:28:45+01:00","event":"supplier_sync_completed","context":{"supplier_id":4,"created":0,"emails":0,"total_orders_checked":1}}
{"ts":"2025-11-13T06:29:13+01:00","event":"supplier_sync_started","context":{"supplier_id":4,"since":"2025-11-12 06:29:13","orders_found":1}}
{"ts":"2025-11-13T06:29:13+01:00","event":"supplier_sync_skipped_exists","context":{"supplier_id":4,"order_id":39}}
{"ts":"2025-11-13T06:29:13+01:00","event":"supplier_sync_completed","context":{"supplier_id":4,"created":0,"emails":0,"total_orders_checked":1}}
{"ts":"2025-11-13T06:29:43+01:00","event":"supplier_sync_started","context":{"supplier_id":4,"since":"2025-11-12 06:29:43","orders_found":1}}
{"ts":"2025-11-13T06:29:43+01:00","event":"supplier_sync_skipped_exists","context":{"supplier_id":4,"order_id":39}}
{"ts":"2025-11-13T06:29:43+01:00","event":"supplier_sync_completed","context":{"supplier_id":4,"created":0,"emails":0,"total_orders_checked":1}}
{"ts":"2025-11-13T06:30:14+01:00","event":"supplier_sync_started","context":{"supplier_id":4,"since":"2025-11-12 06:30:14","orders_found":1}}
{"ts":"2025-11-13T06:30:14+01:00","event":"supplier_sync_skipped_exists","context":{"supplier_id":4,"order_id":39}}
{"ts":"2025-11-13T06:30:14+01:00","event":"supplier_sync_completed","context":{"supplier_id":4,"created":0,"emails":0,"total_orders_checked":1}}
{"ts":"2025-11-13T06:30:44+01:00","event":"supplier_sync_started","context":{"supplier_id":4,"since":"2025-11-12 06:30:44","orders_found":1}}
{"ts":"2025-11-13T06:30:44+01:00","event":"supplier_sync_skipped_exists","context":{"supplier_id":4,"order_id":39}}
{"ts":"2025-11-13T06:30:44+01:00","event":"supplier_sync_completed","context":{"supplier_id":4,"created":0,"emails":0,"total_orders_checked":1}}
{"ts":"2025-11-13T06:31:14+01:00","event":"supplier_sync_started","context":{"supplier_id":4,"since":"2025-11-12 06:31:14","orders_found":1}}
{"ts":"2025-11-13T06:31:14+01:00","event":"supplier_sync_skipped_exists","context":{"supplier_id":4,"order_id":39}}
{"ts":"2025-11-13T06:31:14+01:00","event":"supplier_sync_completed","context":{"supplier_id":4,"created":0,"emails":0,"total_orders_checked":1}}
{"ts":"2025-11-13T06:31:44+01:00","event":"supplier_sync_started","context":{"supplier_id":4,"since":"2025-11-12 06:31:44","orders_found":1}}
{"ts":"2025-11-13T06:31:44+01:00","event":"supplier_sync_skipped_exists","context":{"supplier_id":4,"order_id":39}}
{"ts":"2025-11-13T06:31:44+01:00","event":"supplier_sync_completed","context":{"supplier_id":4,"created":0,"emails":0,"total_orders_checked":1}}
{"ts":"2025-11-13T08:00:51+01:00","event":"supplier_sync_started","context":{"supplier_id":4,"since":"2025-11-12 08:00:51","orders_found":1}}
{"ts":"2025-11-13T08:00:51+01:00","event":"supplier_order_notification_created","context":{"supplier_id":4,"order_id":40,"created":true,"message":"Admin Admin placed order #40: 20 x Cement (per bag / Brand:Generic|Type:Standard) on Nov 13, 2025 15:00"}}
{"ts":"2025-11-13T08:00:51+01:00","event":"supplier_email_error","context":{"supplier_id":4,"error":"SQLSTATE[42S22]: Column not found: 1054 Unknown column 'company_name' in 'field list'"}}
{"ts":"2025-11-13T08:00:51+01:00","event":"supplier_sync_admin_order_created","context":{"supplier_id":4,"order_id":40,"result":{"db_created":true,"email_sent":false}}}
{"ts":"2025-11-13T08:00:51+01:00","event":"supplier_sync_completed","context":{"supplier_id":4,"created":1,"emails":0,"total_orders_checked":1}}
{"ts":"2025-11-13T08:11:37+01:00","event":"supplier_sync_started","context":{"supplier_id":4,"since":"2025-11-12 08:11:37","orders_found":1}}
{"ts":"2025-11-13T08:11:37+01:00","event":"supplier_order_notification_created","context":{"supplier_id":4,"order_id":41,"created":true,"message":"Admin Admin placed order #41: 20 x Nail (per piece / Brand:Generic) on Nov 13, 2025 15:11"}}
{"ts":"2025-11-13T08:11:37+01:00","event":"supplier_email_error","context":{"supplier_id":4,"error":"SQLSTATE[42S22]: Column not found: 1054 Unknown column 'company_name' in 'field list'"}}
{"ts":"2025-11-13T08:11:37+01:00","event":"supplier_sync_admin_order_created","context":{"supplier_id":4,"order_id":41,"result":{"db_created":true,"email_sent":false}}}
{"ts":"2025-11-13T08:11:37+01:00","event":"supplier_sync_completed","context":{"supplier_id":4,"created":1,"emails":0,"total_orders_checked":1}}
{"ts":"2025-11-13T08:16:54+01:00","event":"supplier_sync_started","context":{"supplier_id":4,"since":"2025-11-12 08:16:54","orders_found":2}}
{"ts":"2025-11-13T08:16:54+01:00","event":"supplier_order_notification_created","context":{"supplier_id":4,"order_id":42,"created":true,"message":"Admin Admin placed order #42: 24 x Nail (per kilo / Brand:Generic|Type:Standard) on Nov 13, 2025 15:16"}}
{"ts":"2025-11-13T08:16:54+01:00","event":"supplier_email_error","context":{"supplier_id":4,"error":"SQLSTATE[42S22]: Column not found: 1054 Unknown column 'company_name' in 'field list'"}}
{"ts":"2025-11-13T08:16:54+01:00","event":"supplier_sync_admin_order_created","context":{"supplier_id":4,"order_id":42,"result":{"db_created":true,"email_sent":false}}}
{"ts":"2025-11-13T08:16:54+01:00","event":"supplier_sync_skipped_exists","context":{"supplier_id":4,"order_id":41}}
{"ts":"2025-11-13T08:16:54+01:00","event":"supplier_sync_completed","context":{"supplier_id":4,"created":1,"emails":0,"total_orders_checked":2}}
{"ts":"2025-11-13T08:16:56+01:00","event":"supplier_sync_started","context":{"supplier_id":4,"since":"2025-11-12 08:16:56","orders_found":2}}
{"ts":"2025-11-13T08:16:56+01:00","event":"supplier_sync_skipped_exists","context":{"supplier_id":4,"order_id":42}}
{"ts":"2025-11-13T08:16:56+01:00","event":"supplier_sync_skipped_exists","context":{"supplier_id":4,"order_id":41}}
{"ts":"2025-11-13T08:16:56+01:00","event":"supplier_sync_completed","context":{"supplier_id":4,"created":0,"emails":0,"total_orders_checked":2}}
{"ts":"2025-11-13T10:16:52+01:00","event":"supplier_sync_started","context":{"supplier_id":4,"since":"2025-11-12 10:16:52","orders_found":2}}
{"ts":"2025-11-13T10:16:52+01:00","event":"supplier_order_notification_created","context":{"supplier_id":4,"order_id":44,"created":true,"message":"Admin Admin placed order #44: 34 x Cement (per bag / Brand:Generic|Size:Medium|Type:Standard) on Nov 13, 2025 17:16"}}
{"ts":"2025-11-13T10:16:52+01:00","event":"supplier_email_error","context":{"supplier_id":4,"error":"SQLSTATE[42S22]: Column not found: 1054 Unknown column 'company_name' in 'field list'"}}
{"ts":"2025-11-13T10:16:52+01:00","event":"supplier_sync_admin_order_created","context":{"supplier_id":4,"order_id":44,"result":{"db_created":true,"email_sent":false}}}
{"ts":"2025-11-13T10:16:52+01:00","event":"supplier_order_notification_created","context":{"supplier_id":4,"order_id":43,"created":true,"message":"Admin Admin placed order #43: 20 x Cement (per bag / Brand:Generic|Size:Large|Type:Standard) on Nov 13, 2025 16:52"}}
{"ts":"2025-11-13T10:16:52+01:00","event":"supplier_email_error","context":{"supplier_id":4,"error":"SQLSTATE[42S22]: Column not found: 1054 Unknown column 'company_name' in 'field list'"}}
{"ts":"2025-11-13T10:16:52+01:00","event":"supplier_sync_admin_order_created","context":{"supplier_id":4,"order_id":43,"result":{"db_created":true,"email_sent":false}}}
{"ts":"2025-11-13T10:16:52+01:00","event":"supplier_sync_completed","context":{"supplier_id":4,"created":2,"emails":0,"total_orders_checked":2}}
{"ts":"2025-11-13T11:38:47+01:00","event":"supplier_sync_started","context":{"supplier_id":4,"since":"2025-11-12 11:38:47","orders_found":3}}
{"ts":"2025-11-13T11:38:47+01:00","event":"supplier_order_notification_created","context":{"supplier_id":4,"order_id":49,"created":true,"message":"Admin Admin placed order #49: 20 x ACSV (per piece / Quantity:10|Size:Small) on Nov 13, 2025 18:38"}}
{"ts":"2025-11-13T11:38:47+01:00","event":"supplier_email_error","context":{"supplier_id":4,"error":"SQLSTATE[42S22]: Column not found: 1054 Unknown column 'company_name' in 'field list'"}}
{"ts":"2025-11-13T11:38:47+01:00","event":"supplier_sync_admin_order_created","context":{"supplier_id":4,"order_id":49,"result":{"db_created":true,"email_sent":false}}}
{"ts":"2025-11-13T11:38:47+01:00","event":"supplier_order_notification_created","context":{"supplier_id":4,"order_id":46,"created":true,"message":"Admin Admin placed order #46: 23 x Cement (per bag / Brand:Generic|Size:Medium|Type:Standard) on Nov 13, 2025 17:22"}}
{"ts":"2025-11-13T11:38:47+01:00","event":"supplier_email_error","context":{"supplier_id":4,"error":"SQLSTATE[42S22]: Column not found: 1054 Unknown column 'company_name' in 'field list'"}}
{"ts":"2025-11-13T11:38:47+01:00","event":"supplier_sync_admin_order_created","context":{"supplier_id":4,"order_id":46,"result":{"db_created":true,"email_sent":false}}}
{"ts":"2025-11-13T11:38:47+01:00","event":"supplier_order_notification_created","context":{"supplier_id":4,"order_id":45,"created":true,"message":"Admin Admin placed order #45: 20 x Cement (per bag / Brand:Generic|Size:Large|Type:Standard) on Nov 13, 2025 17:21"}}
{"ts":"2025-11-13T11:38:47+01:00","event":"supplier_email_error","context":{"supplier_id":4,"error":"SQLSTATE[42S22]: Column not found: 1054 Unknown column 'company_name' in 'field list'"}}
{"ts":"2025-11-13T11:38:47+01:00","event":"supplier_sync_admin_order_created","context":{"supplier_id":4,"order_id":45,"result":{"db_created":true,"email_sent":false}}}
{"ts":"2025-11-13T11:38:47+01:00","event":"supplier_sync_completed","context":{"supplier_id":4,"created":3,"emails":0,"total_orders_checked":3}}
{"ts":"2025-11-13T11:38:49+01:00","event":"supplier_sync_started","context":{"supplier_id":4,"since":"2025-11-12 11:38:49","orders_found":3}}
{"ts":"2025-11-13T11:38:49+01:00","event":"supplier_sync_skipped_exists","context":{"supplier_id":4,"order_id":49}}
{"ts":"2025-11-13T11:38:49+01:00","event":"supplier_sync_skipped_exists","context":{"supplier_id":4,"order_id":46}}
{"ts":"2025-11-13T11:38:49+01:00","event":"supplier_sync_skipped_exists","context":{"supplier_id":4,"order_id":45}}
{"ts":"2025-11-13T11:38:49+01:00","event":"supplier_sync_completed","context":{"supplier_id":4,"created":0,"emails":0,"total_orders_checked":3}}
{"ts":"2025-11-13T11:38:50+01:00","event":"supplier_sync_started","context":{"supplier_id":4,"since":"2025-11-12 11:38:50","orders_found":3}}
{"ts":"2025-11-13T11:38:50+01:00","event":"supplier_sync_skipped_exists","context":{"supplier_id":4,"order_id":49}}
{"ts":"2025-11-13T11:38:50+01:00","event":"supplier_sync_skipped_exists","context":{"supplier_id":4,"order_id":46}}
{"ts":"2025-11-13T11:38:50+01:00","event":"supplier_sync_skipped_exists","context":{"supplier_id":4,"order_id":45}}
{"ts":"2025-11-13T11:38:50+01:00","event":"supplier_sync_completed","context":{"supplier_id":4,"created":0,"emails":0,"total_orders_checked":3}}
{"ts":"2025-11-13T11:51:05+01:00","event":"supplier_sync_started","context":{"supplier_id":4,"since":"2025-11-12 11:51:05","orders_found":3}}
{"ts":"2025-11-13T11:51:05+01:00","event":"supplier_sync_skipped_exists","context":{"supplier_id":4,"order_id":49}}
{"ts":"2025-11-13T11:51:05+01:00","event":"supplier_sync_skipped_exists","context":{"supplier_id":4,"order_id":46}}
{"ts":"2025-11-13T11:51:05+01:00","event":"supplier_sync_skipped_exists","context":{"supplier_id":4,"order_id":45}}
{"ts":"2025-11-13T11:51:05+01:00","event":"supplier_sync_completed","context":{"supplier_id":4,"created":0,"emails":0,"total_orders_checked":3}}
{"ts":"2025-11-13T11:51:07+01:00","event":"supplier_mark_all_read","context":{"supplier_id":4,"ok":true}}
{"ts":"2025-11-13T11:51:07+01:00","event":"supplier_sync_started","context":{"supplier_id":4,"since":"2025-11-12 11:51:07","orders_found":3}}
{"ts":"2025-11-13T11:51:07+01:00","event":"supplier_sync_skipped_exists","context":{"supplier_id":4,"order_id":49}}
{"ts":"2025-11-13T11:51:07+01:00","event":"supplier_sync_skipped_exists","context":{"supplier_id":4,"order_id":46}}
{"ts":"2025-11-13T11:51:07+01:00","event":"supplier_sync_skipped_exists","context":{"supplier_id":4,"order_id":45}}
{"ts":"2025-11-13T11:51:07+01:00","event":"supplier_sync_completed","context":{"supplier_id":4,"created":0,"emails":0,"total_orders_checked":3}}
{"ts":"2025-11-13T11:51:10+01:00","event":"supplier_sync_started","context":{"supplier_id":4,"since":"2025-11-12 11:51:10","orders_found":3}}
{"ts":"2025-11-13T11:51:10+01:00","event":"supplier_sync_skipped_exists","context":{"supplier_id":4,"order_id":49}}
{"ts":"2025-11-13T11:51:10+01:00","event":"supplier_sync_skipped_exists","context":{"supplier_id":4,"order_id":46}}
{"ts":"2025-11-13T11:51:10+01:00","event":"supplier_sync_skipped_exists","context":{"supplier_id":4,"order_id":45}}
{"ts":"2025-11-13T11:51:10+01:00","event":"supplier_sync_completed","context":{"supplier_id":4,"created":0,"emails":0,"total_orders_checked":3}}
{"ts":"2025-11-13T11:51:11+01:00","event":"supplier_sync_started","context":{"supplier_id":4,"since":"2025-11-12 11:51:11","orders_found":3}}
{"ts":"2025-11-13T11:51:11+01:00","event":"supplier_sync_skipped_exists","context":{"supplier_id":4,"order_id":49}}
{"ts":"2025-11-13T11:51:11+01:00","event":"supplier_sync_skipped_exists","context":{"supplier_id":4,"order_id":46}}
{"ts":"2025-11-13T11:51:11+01:00","event":"supplier_sync_skipped_exists","context":{"supplier_id":4,"order_id":45}}
{"ts":"2025-11-13T11:51:11+01:00","event":"supplier_sync_completed","context":{"supplier_id":4,"created":0,"emails":0,"total_orders_checked":3}}
{"ts":"2025-11-13T11:55:54+01:00","event":"supplier_sync_started","context":{"supplier_id":4,"since":"2025-11-12 11:55:54","orders_found":0}}
{"ts":"2025-11-13T11:55:56+01:00","event":"supplier_sync_started","context":{"supplier_id":4,"since":"2025-11-12 11:55:56","orders_found":0}}
{"ts":"2025-11-13T11:55:58+01:00","event":"supplier_delete_multiple","context":{"supplier_id":4,"count":2,"deleted":2,"errors":[]}}
{"ts":"2025-11-13T11:55:58+01:00","event":"supplier_sync_started","context":{"supplier_id":4,"since":"2025-11-12 11:55:58","orders_found":0}}
{"ts":"2025-11-13T11:55:59+01:00","event":"supplier_sync_started","context":{"supplier_id":4,"since":"2025-11-12 11:55:59","orders_found":0}}
